21:44:47.376 [main                     ] DEBUG Logger               - Configured Logger
21:44:47.399 [main                     ] DEBUG GameApplication      - Logging settings
Title: My Breakout App
Version: 1.0
Width: 1344
Height: 704
Fullscreen: false
Intro: false
Profiling: false
Single step:false
App Mode: DEVELOPER
Menu Key: ESCAPE
Stage Style: DECORATED
Scene Factory: class com.almasb.fxgl.app.scene.SceneFactory

21:44:49.574 [JavaFX Application Thread] DEBUG FXGLApplication      - Initializing FXGL
21:44:49.576 [JavaFX Application Thread] INFO  Engine               - FXGL-11.16 (25.05.2021 08.16) on MAC (J:11.0.11 FX:16)
21:44:49.576 [JavaFX Application Thread] DEBUG Engine               - JRE Vendor Name: AdoptOpenJDK
21:44:49.576 [JavaFX Application Thread] DEBUG Engine               - Running on OS: Mac OS X version 11.4
21:44:49.577 [JavaFX Application Thread] DEBUG Engine               - Architecture: x86_64
21:44:49.577 [JavaFX Application Thread] INFO  Engine               - Source code and latest versions at: https://github.com/AlmasB/FXGL
21:44:49.577 [JavaFX Application Thread] INFO  Engine               -              Join the FXGL chat at: https://gitter.im/AlmasB/FXGL
21:44:49.680 [JavaFX Application Thread] DEBUG PrimaryStageWindow   - Creating a JavaFX scene
21:44:49.753 [JavaFX Application Thread] DEBUG PrimaryStageWindow   - Target settings size: 1344.0 x 704.0
21:44:49.753 [JavaFX Application Thread] DEBUG PrimaryStageWindow   - Scaled scene size:    1344.0 x 704.0
21:44:49.753 [JavaFX Application Thread] DEBUG PrimaryStageWindow   - Scaled ratio: (1.0, 1.0)
21:44:49.754 [JavaFX Application Thread] DEBUG PrimaryStageWindow   - Set initial scene to FXGLStartupScene
21:44:49.760 [JavaFX Application Thread] DEBUG PrimaryStageWindow   - Opening main window
21:44:49.824 [JavaFX Application Thread] DEBUG PrimaryStageWindow   - Window border size: (0.0, 28.0)
21:44:49.824 [JavaFX Application Thread] DEBUG PrimaryStageWindow   - Scaled size: 1344.0 x 704.0
21:44:49.824 [JavaFX Application Thread] DEBUG PrimaryStageWindow   - Scaled ratio: (1.0, 1.0)
21:44:49.824 [JavaFX Application Thread] DEBUG PrimaryStageWindow   - Scene size: 1344.0 x 704.0
21:44:49.824 [JavaFX Application Thread] DEBUG PrimaryStageWindow   - Stage size: 1344.0 x 732.0
21:44:49.829 [FXGL Background Thread 1 ] DEBUG Engine               - Initializing environment variables
21:44:49.855 [FXGL Background Thread 1 ] DEBUG FXGLAssetLoaderServi - User app class for loading assets: class br.senai.sp.informatica.BreakoutApp
21:44:49.855 [FXGL Background Thread 1 ] DEBUG GameApplicationServi - Applying CSS: fxgl_dark.css
21:44:49.856 [FXGL Background Thread 1 ] DEBUG FXGLAssetLoaderServi - Loading from file system: jar:file:/Users/penawjs/.gradle/caches/modules-2/files-2.1/com.github.almasb/fxgl/11.16/b133101fbcd16d99081b8b6aa095be0cd3166eec/fxgl-11.16.jar!/fxglassets/ui/css/fxgl_dark.css
21:44:49.914 [FXGL Background Thread 1 ] DEBUG GameApplicationServi - Initializing application scenes
21:44:50.230 [FXGL Background Thread 1 ] DEBUG GameWorld            - Game world initialized
21:44:50.270 [FXGL Background Thread 1 ] DEBUG PhysicsWorld         - Physics world initialized: appHeight=704, physics.ppm=50,0
21:44:50.271 [FXGL Background Thread 1 ] DEBUG PhysicsWorld         - Using strategy: BRUTE_FORCE
21:44:50.273 [FXGL Background Thread 1 ] DEBUG GameScene            - Game scene initialized: 1344x704
21:44:50.281 [FXGL Background Thread 1 ] DEBUG FXGL.DefaultMenu     - createMenuBodyGameMenu()
21:44:50.298 [FXGL Background Thread 1 ] DEBUG FXGL.DefaultMenu     - createOptionsMenu()
21:44:50.306 [FXGL Background Thread 1 ] DEBUG FXGLAssetLoaderServi - Loading from file system: jar:file:/Users/penawjs/.gradle/caches/modules-2/files-2.1/com.github.almasb/fxgl/11.16/b133101fbcd16d99081b8b6aa095be0cd3166eec/fxgl-11.16.jar!/fxglassets/textures/particles/smoke.png
21:44:50.392 [FXGL Background Thread 1 ] DEBUG FXGLAssetLoaderServi - Loading from file system: file:/Users/Shared/Area/Cursos/Java/Projects/JavaFXGameX/JavaFXGame/aprendendo-java/MyBreakoutApp/build/resources/main/assets/textures/particles/trace_horizontal.png
21:44:50.413 [FXGL Background Thread 1 ] DEBUG GameApplicationServi - Application scenes initialized
21:44:50.422 [FXGL Background Thread 1 ] DEBUG SystemBundleService  - Loading FXGL system data
21:44:50.425 [FXGL Background Thread 1 ] DEBUG FileSystemAccess     - Reading from: /Users/Shared/Area/Cursos/Java/Projects/JavaFXGameX/JavaFXGame/aprendendo-java/MyBreakoutApp/system/fxgl.bundle
21:44:50.431 [FXGL Background Thread 1 ] DEBUG SystemBundleService  - Bundle FXGL: {}
21:44:50.431 [FXGL Background Thread 1 ] DEBUG UpdaterService       - Checking for updates
21:44:50.435 [FXGL Background Thread 4 ] DEBUG FXGLApplication      - Loading fonts
21:44:50.435 [FXGL Background Thread 1 ] DEBUG FXGLApplication      - Loading default localization
21:44:50.435 [FXGL Background Thread 4 ] DEBUG FXGLAssetLoaderServi - Loading from file system: jar:file:/Users/penawjs/.gradle/caches/modules-2/files-2.1/com.github.almasb/fxgl/11.16/b133101fbcd16d99081b8b6aa095be0cd3166eec/fxgl-11.16.jar!/fxglassets/ui/fonts/VarelaRound-Regular.ttf
21:44:50.436 [FXGL Background Thread 1 ] DEBUG FXGLAssetLoaderServi - Loading from file system: jar:file:/Users/penawjs/.gradle/caches/modules-2/files-2.1/com.github.almasb/fxgl/11.16/b133101fbcd16d99081b8b6aa095be0cd3166eec/fxgl-11.16.jar!/fxglassets/languages/english.lang
21:44:50.448 [FXGL Background Thread 1 ] INFO  FXGLApplication      - FXGL initialization took: 0,619 sec
21:44:50.448 [FXGL Background Thread 4 ] DEBUG FXGLAssetLoaderServi - Loading from file system: jar:file:/Users/penawjs/.gradle/caches/modules-2/files-2.1/com.github.almasb/fxgl/11.16/b133101fbcd16d99081b8b6aa095be0cd3166eec/fxgl-11.16.jar!/fxglassets/ui/fonts/Abel-Regular.ttf
21:44:50.451 [FXGL Background Thread 4 ] DEBUG FXGLAssetLoaderServi - Loading from file system: jar:file:/Users/penawjs/.gradle/caches/modules-2/files-2.1/com.github.almasb/fxgl/11.16/b133101fbcd16d99081b8b6aa095be0cd3166eec/fxgl-11.16.jar!/fxglassets/ui/fonts/lucida_console.ttf
21:44:50.454 [FXGL Background Thread 4 ] DEBUG FXGLAssetLoaderServi - Loading from file system: jar:file:/Users/penawjs/.gradle/caches/modules-2/files-2.1/com.github.almasb/fxgl/11.16/b133101fbcd16d99081b8b6aa095be0cd3166eec/fxgl-11.16.jar!/fxglassets/ui/fonts/Courier-Prime.ttf
21:44:50.459 [JavaFX Application Thread] DEBUG Input                - Registered new binding: Move Left - Left
21:44:50.459 [JavaFX Application Thread] DEBUG Input                - Registered new binding: Move Right - Right
21:44:50.460 [JavaFX Application Thread] DEBUG FXGLAssetLoaderServi - Loading from file system: file:/Users/Shared/Area/Cursos/Java/Projects/JavaFXGameX/JavaFXGame/aprendendo-java/MyBreakoutApp/build/resources/main/assets/music/BGM.mp3
21:44:50.728 [JavaFX Application Thread] DEBUG AudioPlayer          - Playing music com.almasb.fxgl.audio.Music@443ae9b6
21:44:50.729 [JavaFX Application Thread] DEBUG FXGLAssetLoaderServi - Loading from file system: jar:file:/Users/penawjs/.gradle/caches/modules-2/files-2.1/com.github.almasb/fxgl/11.16/b133101fbcd16d99081b8b6aa095be0cd3166eec/fxgl-11.16.jar!/fxglassets/textures/fxgl_icon.png
21:44:50.779 [JavaFX Application Thread] DEBUG FXGLAssetLoaderServi - Loading from file system: jar:file:/Users/penawjs/.gradle/caches/modules-2/files-2.1/com.github.almasb/fxgl/11.16/b133101fbcd16d99081b8b6aa095be0cd3166eec/fxgl-11.16.jar!/fxglassets/textures/fxgl_default_cursor.png
21:44:50.786 [JavaFX Application Thread] DEBUG Input                - Registered new binding: Screenshot - CTRL+8
21:44:50.788 [JavaFX Application Thread] DEBUG Input                - Registered new binding: System info dump - CTRL+9
21:44:50.789 [JavaFX Application Thread] DEBUG Input                - Registered new binding: Restart - CTRL+R
21:44:50.790 [JavaFX Application Thread] DEBUG Input                - Registered new binding: Toggle Debug Camera - CTRL+C
21:44:50.793 [JavaFX Application Thread] DEBUG LoopRunner           - Starting loop
21:44:50.794 [JavaFX Application Thread] DEBUG LoopRunner           - Initializing JavaFX AnimationTimerLoop
21:44:50.796 [JavaFX Application Thread] DEBUG GameApplicationServi - Starting new game
21:44:50.797 [JavaFX Application Thread] DEBUG Input                - Clearing active input actions
21:44:50.814 [JavaFX Application Thread] DEBUG GameApplicationServi - Removing overlay from FXGLStartupScene and adding to FXGLLoadingScene
21:44:50.815 [JavaFX Application Thread] DEBUG PrimaryStageWindow   - FXGLStartupScene -> FXGLLoadingScene
21:44:50.815 [JavaFX Application Thread] DEBUG GameApplicationServi - Clearing previous game
21:44:50.815 [JavaFX Application Thread] DEBUG GameScene            - Clearing game scene
21:44:50.815 [JavaFX Application Thread] DEBUG GameWorld            - Clearing game world
21:44:50.815 [JavaFX Application Thread] DEBUG PhysicsWorld         - Clearing physics world
21:44:50.817 [FXGL Background Thread 4 ] DEBUG FXGLApplication      - Initializing game
21:44:50.870 [JavaFX Application Thread] DEBUG FXGLApplication      - Registering font factories with UI factory
21:44:50.924 [FXGL Background Thread 4 ] DEBUG TMXLevelLoader       - Parsed TiledMap: file:/Users/Shared/Area/Cursos/Java/Projects/JavaFXGameX/JavaFXGame/aprendendo-java/MyBreakoutApp/build/resources/main/assets/levels/tmx/level1.tmx
21:44:50.926 [FXGL Background Thread 4 ] DEBUG TMXLevelLoader       - Creating tile layer entities
21:44:50.926 [FXGL Background Thread 4 ] DEBUG TMXLevelLoader       - Creating object layer entities
21:44:50.968 [FXGL Background Thread 4 ] DEBUG GameWorld            - Clearing removable entities
21:44:50.969 [FXGL Background Thread 4 ] DEBUG GameWorld            - Setting level: com.almasb.fxgl.entity.level.Level@17433848
21:44:50.976 [FXGL Background Thread 4 ] DEBUG FXGLAssetLoaderServi - Loading from file system: file:/Users/Shared/Area/Cursos/Java/Projects/JavaFXGameX/JavaFXGame/aprendendo-java/MyBreakoutApp/build/resources/main/assets/textures/ball.png
21:44:50.992 [FXGL Background Thread 4 ] DEBUG FXGLAssetLoaderServi - Loading from file system: file:/Users/Shared/Area/Cursos/Java/Projects/JavaFXGameX/JavaFXGame/aprendendo-java/MyBreakoutApp/build/resources/main/assets/textures/bat.png
21:44:51.004 [FXGL Background Thread 4 ] DEBUG FXGLAssetLoaderServi - Loading from file system: file:/Users/Shared/Area/Cursos/Java/Projects/JavaFXGameX/JavaFXGame/aprendendo-java/MyBreakoutApp/build/resources/main/assets/textures/bat_hit.png
21:44:51.020 [FXGL Background Thread 4 ] INFO  FXGLApplication      - Game initialization took: 0,204 sec
21:44:51.059 [JavaFX Application Thread] DEBUG Input                - Clearing active input actions
21:44:51.071 [JavaFX Application Thread] DEBUG GameApplicationServi - Removing overlay from FXGLLoadingScene and adding to GameScene
21:44:51.071 [JavaFX Application Thread] DEBUG PrimaryStageWindow   - FXGLLoadingScene -> GameScene
21:44:51.211 [FXGL Background Thread 2 ] INFO  UpdaterService       - Your current version:  11.16
21:44:51.211 [FXGL Background Thread 2 ] INFO  UpdaterService       - Latest stable version: 17.1
21:44:51.796 [JavaFX Application Thread] DEBUG FXGLAssetLoaderServi - Loading from file system: file:/Users/Shared/Area/Cursos/Java/Projects/JavaFXGameX/JavaFXGame/aprendendo-java/MyBreakoutApp/build/resources/main/assets/sounds/hit.wav
21:44:51.813 [JavaFX Application Thread] DEBUG FXGLAssetLoaderServi - Loading from file system: file:/Users/Shared/Area/Cursos/Java/Projects/JavaFXGameX/JavaFXGame/aprendendo-java/MyBreakoutApp/build/resources/main/assets/textures/brick_blue_cracked.png
21:44:51.815 [JavaFX Application Thread] DEBUG FXGLAssetLoaderServi - Loading from file system: file:/Users/Shared/Area/Cursos/Java/Projects/JavaFXGameX/JavaFXGame/aprendendo-java/MyBreakoutApp/build/resources/main/assets/textures/particles/smoke_06.png
21:44:52.813 [JavaFX Application Thread] DEBUG FXGLAssetLoaderServi - Loading from file system: file:/Users/Shared/Area/Cursos/Java/Projects/JavaFXGameX/JavaFXGame/aprendendo-java/MyBreakoutApp/build/resources/main/assets/sounds/hit_wall.wav
21:44:53.112 [JavaFX Application Thread] DEBUG FXGLAssetLoaderServi - Loading from file system: file:/Users/Shared/Area/Cursos/Java/Projects/JavaFXGameX/JavaFXGame/aprendendo-java/MyBreakoutApp/build/resources/main/assets/sounds/explosion.wav
21:44:53.438 [FXGL Background Thread 3 ] DEBUG Engine               - Logging environment variables
21:44:53.438 [FXGL Background Thread 3 ] DEBUG Engine               - achievements: []
21:44:53.438 [FXGL Background Thread 3 ] DEBUG Engine               - actualHeight: 704.0
21:44:53.438 [FXGL Background Thread 3 ] DEBUG Engine               - actualHeightProperty: ReadOnlyDoubleProperty [value: 704.0]
21:44:53.439 [FXGL Background Thread 3 ] DEBUG Engine               - actualWidth: 1344.0
21:44:53.439 [FXGL Background Thread 3 ] DEBUG Engine               - actualWidthProperty: ReadOnlyDoubleProperty [value: 1344.0]
21:44:53.439 [FXGL Background Thread 3 ] DEBUG Engine               - appIcon: fxgl_icon.png
21:44:53.439 [FXGL Background Thread 3 ] DEBUG Engine               - applicationMode: DEVELOPER
21:44:53.439 [FXGL Background Thread 3 ] DEBUG Engine               - cSSList: [fxgl_dark.css]
21:44:53.439 [FXGL Background Thread 3 ] DEBUG Engine               - collisionDetectionStrategy: BRUTE_FORCE
21:44:53.439 [FXGL Background Thread 3 ] DEBUG Engine               - configClass: Optional.empty
21:44:53.439 [FXGL Background Thread 3 ] DEBUG Engine               - credits: []
21:44:53.439 [FXGL Background Thread 3 ] DEBUG Engine               - defaultCursor: CursorInfo(imageName=fxgl_default_cursor.png, hotspotX=7.0, hotspotY=6.0)
21:44:53.439 [FXGL Background Thread 3 ] DEBUG Engine               - devBBoxColorProperty: ObjectProperty [value: 0xff0000ff]
21:44:53.439 [FXGL Background Thread 3 ] DEBUG Engine               - devEnableDebugCameraProperty: BooleanProperty [value: false]
21:44:53.439 [FXGL Background Thread 3 ] DEBUG Engine               - devSensorColorProperty: ObjectProperty [value: 0xffff00ff]
21:44:53.439 [FXGL Background Thread 3 ] DEBUG Engine               - devShowBBoxProperty: BooleanProperty [value: false]
21:44:53.440 [FXGL Background Thread 3 ] DEBUG Engine               - devShowPositionProperty: BooleanProperty [value: false]
21:44:53.440 [FXGL Background Thread 3 ] DEBUG Engine               - enabledMenuItems: []
21:44:53.440 [FXGL Background Thread 3 ] DEBUG Engine               - engineServices: [class com.almasb.fxgl.app.services.FXGLAssetLoaderService, class com.almasb.fxgl.app.FXGLApplication$GameApplicationService, class com.almasb.fxgl.app.services.FXGLDialogService, class com.almasb.fxgl.app.services.IOTaskExecutorService, class com.almasb.fxgl.io.FileSystemService, class com.almasb.fxgl.localization.LocalizationService, class com.almasb.fxgl.app.services.SystemBundleService, class com.almasb.fxgl.profile.SaveLoadService, class com.almasb.fxgl.ui.FXGLUIFactoryServiceProvider, class com.almasb.fxgl.ui.FXGLDialogFactoryServiceProvider, class com.almasb.fxgl.audio.AudioPlayer, class com.almasb.fxgl.notification.impl.NotificationServiceProvider, class com.almasb.fxgl.achievement.AchievementService, class com.almasb.fxgl.cutscene.CutsceneService, class com.almasb.fxgl.minigames.MiniGameService, class com.almasb.fxgl.net.NetService, class com.almasb.fxgl.app.services.UpdaterService, class com.almasb.fxgl.dev.DevService]
21:44:53.440 [FXGL Background Thread 3 ] DEBUG Engine               - fontGame: Abel-Regular.ttf
21:44:53.440 [FXGL Background Thread 3 ] DEBUG Engine               - fontMono: lucida_console.ttf
21:44:53.440 [FXGL Background Thread 3 ] DEBUG Engine               - fontText: Courier-Prime.ttf
21:44:53.440 [FXGL Background Thread 3 ] DEBUG Engine               - fontUI: VarelaRound-Regular.ttf
21:44:53.440 [FXGL Background Thread 3 ] DEBUG Engine               - fullScreen: BooleanProperty [value: false]
21:44:53.440 [FXGL Background Thread 3 ] DEBUG Engine               - gameDifficulty: MEDIUM
21:44:53.440 [FXGL Background Thread 3 ] DEBUG Engine               - gameDifficultyProperty: ObjectProperty [value: MEDIUM]
21:44:53.440 [FXGL Background Thread 3 ] DEBUG Engine               - globalMusicVolume: 0.5
21:44:53.440 [FXGL Background Thread 3 ] DEBUG Engine               - globalMusicVolumeProperty: DoubleProperty [value: 0.5]
21:44:53.440 [FXGL Background Thread 3 ] DEBUG Engine               - globalSoundVolume: 0.5
21:44:53.440 [FXGL Background Thread 3 ] DEBUG Engine               - globalSoundVolumeProperty: DoubleProperty [value: 0.5]
21:44:53.440 [FXGL Background Thread 3 ] DEBUG Engine               - height: 704
21:44:53.440 [FXGL Background Thread 3 ] DEBUG Engine               - is3D: false
21:44:53.440 [FXGL Background Thread 3 ] DEBUG Engine               - isAndroid: false
21:44:53.441 [FXGL Background Thread 3 ] DEBUG Engine               - isBrowser: false
21:44:53.441 [FXGL Background Thread 3 ] DEBUG Engine               - isClickFeedbackEnabled: false
21:44:53.441 [FXGL Background Thread 3 ] DEBUG Engine               - isCloseConfirmation: false
21:44:53.441 [FXGL Background Thread 3 ] DEBUG Engine               - isDesktop: true
21:44:53.441 [FXGL Background Thread 3 ] DEBUG Engine               - isDeveloperMenuEnabled: false
21:44:53.441 [FXGL Background Thread 3 ] DEBUG Engine               - isEntityPreloadEnabled: true
21:44:53.441 [FXGL Background Thread 3 ] DEBUG Engine               - isExperimentalTiledLargeMap: false
21:44:53.441 [FXGL Background Thread 3 ] DEBUG Engine               - isFileSystemWriteAllowed: true
21:44:53.441 [FXGL Background Thread 3 ] DEBUG Engine               - isFullScreenAllowed: false
21:44:53.441 [FXGL Background Thread 3 ] DEBUG Engine               - isFullScreenFromStart: false
21:44:53.441 [FXGL Background Thread 3 ] DEBUG Engine               - isGameMenuEnabled: true
21:44:53.441 [FXGL Background Thread 3 ] DEBUG Engine               - isIOS: false
21:44:53.441 [FXGL Background Thread 3 ] DEBUG Engine               - isIntroEnabled: false
21:44:53.441 [FXGL Background Thread 3 ] DEBUG Engine               - isLinux: false
21:44:53.441 [FXGL Background Thread 3 ] DEBUG Engine               - isMac: true
21:44:53.442 [FXGL Background Thread 3 ] DEBUG Engine               - isMainMenuEnabled: false
21:44:53.442 [FXGL Background Thread 3 ] DEBUG Engine               - isManualResizeEnabled: false
21:44:53.442 [FXGL Background Thread 3 ] DEBUG Engine               - isMobile: false
21:44:53.442 [FXGL Background Thread 3 ] DEBUG Engine               - isNative: false
21:44:53.442 [FXGL Background Thread 3 ] DEBUG Engine               - isPreserveResizeRatio: false
21:44:53.442 [FXGL Background Thread 3 ] DEBUG Engine               - isProfilingEnabled: false
21:44:53.442 [FXGL Background Thread 3 ] DEBUG Engine               - isScaleAffectedOnResize: true
21:44:53.442 [FXGL Background Thread 3 ] DEBUG Engine               - isSingleStep: false
21:44:53.442 [FXGL Background Thread 3 ] DEBUG Engine               - isUserProfileEnabled: false
21:44:53.442 [FXGL Background Thread 3 ] DEBUG Engine               - isWindows: false
21:44:53.442 [FXGL Background Thread 3 ] DEBUG Engine               - language: ObjectProperty [value: ENGLISH]
21:44:53.442 [FXGL Background Thread 3 ] DEBUG Engine               - menuKey: ESCAPE
21:44:53.442 [FXGL Background Thread 3 ] DEBUG Engine               - mouseSensitivity: 0.2
21:44:53.442 [FXGL Background Thread 3 ] DEBUG Engine               - notificationViewClass: class com.almasb.fxgl.notification.view.XboxNotificationView
21:44:53.442 [FXGL Background Thread 3 ] DEBUG Engine               - pixelsPerMeter: 50.0
21:44:53.442 [FXGL Background Thread 3 ] DEBUG Engine               - platform: MAC
21:44:53.442 [FXGL Background Thread 3 ] DEBUG Engine               - prefHeightProperty: ReadOnlyDoubleProperty [value: 704.0]
21:44:53.442 [FXGL Background Thread 3 ] DEBUG Engine               - prefWidthProperty: ReadOnlyDoubleProperty [value: 1344.0]
21:44:53.442 [FXGL Background Thread 3 ] DEBUG Engine               - profileDir: profiles/
21:44:53.442 [FXGL Background Thread 3 ] DEBUG Engine               - profileName: StringProperty [value: DEFAULT]
21:44:53.443 [FXGL Background Thread 3 ] DEBUG Engine               - randomSeed: -1
21:44:53.443 [FXGL Background Thread 3 ] DEBUG Engine               - runtimeInfo: RuntimeInfo(platform=MAC, version=11.16, build=25.05.2021 08.16)
21:44:53.443 [FXGL Background Thread 3 ] DEBUG Engine               - saveFileExt: sav
21:44:53.443 [FXGL Background Thread 3 ] DEBUG Engine               - scaledHeightProp$fxgl: DoubleProperty [bound, value: 704.0]
21:44:53.443 [FXGL Background Thread 3 ] DEBUG Engine               - scaledWidthProp$fxgl: DoubleProperty [bound, value: 1344.0]
21:44:53.443 [FXGL Background Thread 3 ] DEBUG Engine               - sceneFactory: com.almasb.fxgl.app.scene.SceneFactory@8439e2e
21:44:53.443 [FXGL Background Thread 3 ] DEBUG Engine               - secondsIn24h: 60
21:44:53.443 [FXGL Background Thread 3 ] DEBUG Engine               - soundMenuBack: menu/back.wav
21:44:53.443 [FXGL Background Thread 3 ] DEBUG Engine               - soundMenuPress: menu/press.wav
21:44:53.443 [FXGL Background Thread 3 ] DEBUG Engine               - soundMenuSelect: menu/select.wav
21:44:53.443 [FXGL Background Thread 3 ] DEBUG Engine               - soundNotification: core/notification.wav
21:44:53.443 [FXGL Background Thread 3 ] DEBUG Engine               - stageStyle: DECORATED
21:44:53.443 [FXGL Background Thread 3 ] DEBUG Engine               - supportedLanguages: [ENGLISH, FRENCH, GERMAN, HUNGARIAN, RUSSIAN]
21:44:53.443 [FXGL Background Thread 3 ] DEBUG Engine               - ticksPerSecond: -1
21:44:53.443 [FXGL Background Thread 3 ] DEBUG Engine               - title: My Breakout App
21:44:53.443 [FXGL Background Thread 3 ] DEBUG Engine               - urlGithub: https://github.com/AlmasB/FXGL
21:44:53.443 [FXGL Background Thread 3 ] DEBUG Engine               - urlLeaderboard: http://fxgl-top.herokuapp.com/
21:44:53.443 [FXGL Background Thread 3 ] DEBUG Engine               - urlPOM: https://raw.githubusercontent.com/AlmasB/FXGL/release/README.md
21:44:53.443 [FXGL Background Thread 3 ] DEBUG Engine               - userAppClass: class br.senai.sp.informatica.BreakoutApp
21:44:53.443 [FXGL Background Thread 3 ] DEBUG Engine               - version: 1.0
21:44:53.444 [FXGL Background Thread 3 ] DEBUG Engine               - versionCheckDays: 7
21:44:53.444 [FXGL Background Thread 3 ] DEBUG Engine               - width: 1344
21:44:53.444 [FXGL Background Thread 3 ] DEBUG Engine               - Logging services
21:44:53.444 [FXGL Background Thread 3 ] DEBUG Engine               - class com.almasb.fxgl.app.services.FXGLAssetLoaderService
21:44:53.444 [FXGL Background Thread 3 ] DEBUG Engine               - class com.almasb.fxgl.app.FXGLApplication$GameApplicationService
21:44:53.444 [FXGL Background Thread 3 ] DEBUG Engine               - class com.almasb.fxgl.app.services.FXGLDialogService
21:44:53.444 [FXGL Background Thread 3 ] DEBUG Engine               - class com.almasb.fxgl.app.services.IOTaskExecutorService
21:44:53.444 [FXGL Background Thread 3 ] DEBUG Engine               - class com.almasb.fxgl.io.FileSystemService
21:44:53.444 [FXGL Background Thread 3 ] DEBUG Engine               - class com.almasb.fxgl.localization.LocalizationService
21:44:53.444 [FXGL Background Thread 3 ] DEBUG Engine               - class com.almasb.fxgl.app.services.SystemBundleService
21:44:53.444 [FXGL Background Thread 3 ] DEBUG Engine               - class com.almasb.fxgl.profile.SaveLoadService
21:44:53.444 [FXGL Background Thread 3 ] DEBUG Engine               - class com.almasb.fxgl.ui.FXGLUIFactoryServiceProvider
21:44:53.444 [FXGL Background Thread 3 ] DEBUG Engine               - class com.almasb.fxgl.ui.FXGLDialogFactoryServiceProvider
21:44:53.444 [FXGL Background Thread 3 ] DEBUG Engine               - class com.almasb.fxgl.audio.AudioPlayer
21:44:53.444 [FXGL Background Thread 3 ] DEBUG Engine               - class com.almasb.fxgl.notification.impl.NotificationServiceProvider
21:44:53.444 [FXGL Background Thread 3 ] DEBUG Engine               - class com.almasb.fxgl.achievement.AchievementService
21:44:53.444 [FXGL Background Thread 3 ] DEBUG Engine               - class com.almasb.fxgl.cutscene.CutsceneService
21:44:53.444 [FXGL Background Thread 3 ] DEBUG Engine               - class com.almasb.fxgl.minigames.MiniGameService
21:44:53.444 [FXGL Background Thread 3 ] DEBUG Engine               - class com.almasb.fxgl.net.NetService
21:44:53.444 [FXGL Background Thread 3 ] DEBUG Engine               - class com.almasb.fxgl.app.services.UpdaterService
21:44:53.444 [FXGL Background Thread 3 ] DEBUG Engine               - class com.almasb.fxgl.dev.DevService
21:44:54.596 [JavaFX Application Thread] DEBUG FXGLAssetLoaderServi - Loading from file system: file:/Users/Shared/Area/Cursos/Java/Projects/JavaFXGameX/JavaFXGame/aprendendo-java/MyBreakoutApp/build/resources/main/assets/sounds/hit_bat.wav
21:47:07.664 [JavaFX Application Thread] DEBUG TMXLevelLoader       - Parsed TiledMap: file:/Users/Shared/Area/Cursos/Java/Projects/JavaFXGameX/JavaFXGame/aprendendo-java/MyBreakoutApp/build/resources/main/assets/levels/tmx/level2.tmx
21:47:07.664 [JavaFX Application Thread] DEBUG TMXLevelLoader       - Creating tile layer entities
21:47:07.664 [JavaFX Application Thread] DEBUG TMXLevelLoader       - Creating object layer entities
21:47:07.676 [JavaFX Application Thread] DEBUG GameWorld            - Clearing removable entities
21:47:07.676 [JavaFX Application Thread] WARN  GameWorld            - Attempted to remove entity which is not active
21:47:07.676 [JavaFX Application Thread] DEBUG GameWorld            - Setting level: com.almasb.fxgl.entity.level.Level@3dd45681
21:47:08.167 [JavaFX Application Thread] DEBUG FXGLAssetLoaderServi - Loading from file system: file:/Users/Shared/Area/Cursos/Java/Projects/JavaFXGameX/JavaFXGame/aprendendo-java/MyBreakoutApp/build/resources/main/assets/textures/brick_red_cracked.png
21:47:11.666 [JavaFX Application Thread] DEBUG FXGLAssetLoaderServi - Loading from file system: file:/Users/Shared/Area/Cursos/Java/Projects/JavaFXGameX/JavaFXGame/aprendendo-java/MyBreakoutApp/build/resources/main/assets/textures/brick_yellow_cracked.png
21:47:37.621 [JavaFX Application Thread] DEBUG PrimaryStageWindow   - Push state: DialogSubScene
21:47:37.621 [JavaFX Application Thread] DEBUG Input                - Clearing active input actions
21:47:37.626 [JavaFX Application Thread] DEBUG GameApplicationServi - Removing overlay from GameScene and adding to DialogSubScene
21:47:37.626 [JavaFX Application Thread] DEBUG PrimaryStageWindow   - GameScene -> DialogSubScene
21:47:45.921 [JavaFX Application Thread] DEBUG PrimaryStageWindow   - Pop state: DialogSubScene
21:47:45.921 [JavaFX Application Thread] DEBUG Input                - Clearing active input actions
21:47:45.922 [JavaFX Application Thread] DEBUG GameApplicationServi - Removing overlay from DialogSubScene and adding to GameScene
21:47:45.922 [JavaFX Application Thread] DEBUG PrimaryStageWindow   - GameScene <- DialogSubScene
21:47:45.922 [JavaFX Application Thread] DEBUG FXGLApplication      - Exiting FXGL
21:47:45.922 [JavaFX Application Thread] DEBUG LoopRunner           - Stopping loop
21:47:45.922 [JavaFX Application Thread] DEBUG SystemBundleService  - Saving FXGL system data
21:47:45.924 [JavaFX Application Thread] DEBUG FileSystemAccess     - Writing to: /Users/Shared/Area/Cursos/Java/Projects/JavaFXGameX/JavaFXGame/aprendendo-java/MyBreakoutApp/system/fxgl.bundle
21:47:45.925 [JavaFX Application Thread] DEBUG Async                - Shutting down background threads
21:47:45.926 [JavaFX Application Thread] DEBUG PrimaryStageWindow   - Closing main window
21:47:45.932 [JavaFX Application Thread] DEBUG Logger               - Closing Logger
