20:06:31.835 [main                     ] DEBUG Logger               - Configured Logger
20:06:31.860 [main                     ] DEBUG GameApplication      - Logging settings
Title: My Breakout App
Version: 1.0
Width: 1344
Height: 704
Fullscreen: false
Intro: false
Profiling: false
Single step:false
App Mode: DEVELOPER
Menu Key: ESCAPE
Stage Style: DECORATED
Scene Factory: class com.almasb.fxgl.app.scene.SceneFactory

20:06:33.112 [JavaFX Application Thread] DEBUG FXGLApplication      - Initializing FXGL
20:06:33.115 [JavaFX Application Thread] INFO  Engine               - FXGL-11.16 (25.05.2021 08.16) on MAC (J:11.0.11 FX:16)
20:06:33.116 [JavaFX Application Thread] DEBUG Engine               - JRE Vendor Name: AdoptOpenJDK
20:06:33.116 [JavaFX Application Thread] DEBUG Engine               - Running on OS: Mac OS X version 11.4
20:06:33.116 [JavaFX Application Thread] DEBUG Engine               - Architecture: x86_64
20:06:33.116 [JavaFX Application Thread] INFO  Engine               - Source code and latest versions at: https://github.com/AlmasB/FXGL
20:06:33.117 [JavaFX Application Thread] INFO  Engine               -              Join the FXGL chat at: https://gitter.im/AlmasB/FXGL
20:06:33.241 [JavaFX Application Thread] DEBUG PrimaryStageWindow   - Creating a JavaFX scene
20:06:33.295 [JavaFX Application Thread] DEBUG PrimaryStageWindow   - Target settings size: 1344.0 x 704.0
20:06:33.296 [JavaFX Application Thread] DEBUG PrimaryStageWindow   - Scaled scene size:    1344.0 x 704.0
20:06:33.296 [JavaFX Application Thread] DEBUG PrimaryStageWindow   - Scaled ratio: (1.0, 1.0)
20:06:33.297 [JavaFX Application Thread] DEBUG PrimaryStageWindow   - Set initial scene to FXGLStartupScene
20:06:33.303 [JavaFX Application Thread] DEBUG PrimaryStageWindow   - Opening main window
20:06:33.378 [JavaFX Application Thread] DEBUG PrimaryStageWindow   - Window border size: (0.0, 28.0)
20:06:33.379 [JavaFX Application Thread] DEBUG PrimaryStageWindow   - Scaled size: 1344.0 x 704.0
20:06:33.379 [JavaFX Application Thread] DEBUG PrimaryStageWindow   - Scaled ratio: (1.0, 1.0)
20:06:33.379 [JavaFX Application Thread] DEBUG PrimaryStageWindow   - Scene size: 1344.0 x 704.0
20:06:33.379 [JavaFX Application Thread] DEBUG PrimaryStageWindow   - Stage size: 1344.0 x 732.0
20:06:33.384 [FXGL Background Thread 1 ] DEBUG Engine               - Initializing environment variables
20:06:33.416 [FXGL Background Thread 1 ] DEBUG FXGLAssetLoaderServi - User app class for loading assets: class br.senai.sp.informatica.BreakoutApp
20:06:33.417 [FXGL Background Thread 1 ] DEBUG GameApplicationServi - Applying CSS: fxgl_dark.css
20:06:33.417 [FXGL Background Thread 1 ] DEBUG FXGLAssetLoaderServi - Loading from file system: jar:file:/Users/penawjs/.gradle/caches/modules-2/files-2.1/com.github.almasb/fxgl/11.16/b133101fbcd16d99081b8b6aa095be0cd3166eec/fxgl-11.16.jar!/fxglassets/ui/css/fxgl_dark.css
20:06:33.457 [FXGL Background Thread 1 ] DEBUG GameApplicationServi - Initializing application scenes
20:06:33.767 [FXGL Background Thread 1 ] DEBUG GameWorld            - Game world initialized
20:06:33.814 [FXGL Background Thread 1 ] DEBUG PhysicsWorld         - Physics world initialized: appHeight=704, physics.ppm=50,0
20:06:33.814 [FXGL Background Thread 1 ] DEBUG PhysicsWorld         - Using strategy: BRUTE_FORCE
20:06:33.816 [FXGL Background Thread 1 ] DEBUG GameScene            - Game scene initialized: 1344x704
20:06:33.824 [FXGL Background Thread 1 ] DEBUG FXGL.DefaultMenu     - createMenuBodyGameMenu()
20:06:33.839 [FXGL Background Thread 1 ] DEBUG FXGL.DefaultMenu     - createOptionsMenu()
20:06:33.847 [FXGL Background Thread 1 ] DEBUG FXGLAssetLoaderServi - Loading from file system: jar:file:/Users/penawjs/.gradle/caches/modules-2/files-2.1/com.github.almasb/fxgl/11.16/b133101fbcd16d99081b8b6aa095be0cd3166eec/fxgl-11.16.jar!/fxglassets/textures/particles/smoke.png
20:06:33.930 [FXGL Background Thread 1 ] DEBUG FXGLAssetLoaderServi - Loading from file system: file:/Users/penawjs/Desktop/aprendendo-java/MyBreakoutApp/build/resources/main/assets/textures/particles/trace_horizontal.png
20:06:33.950 [FXGL Background Thread 1 ] DEBUG GameApplicationServi - Application scenes initialized
20:06:33.958 [FXGL Background Thread 1 ] DEBUG SystemBundleService  - Loading FXGL system data
20:06:33.961 [FXGL Background Thread 1 ] DEBUG FileSystemAccess     - Reading from: /Users/penawjs/Desktop/aprendendo-java/MyBreakoutApp/system/fxgl.bundle
20:06:33.966 [FXGL Background Thread 1 ] DEBUG SystemBundleService  - Bundle FXGL: {}
20:06:33.967 [FXGL Background Thread 1 ] DEBUG UpdaterService       - Checking for updates
20:06:33.970 [FXGL Background Thread 4 ] DEBUG FXGLApplication      - Loading fonts
20:06:33.970 [FXGL Background Thread 1 ] DEBUG FXGLApplication      - Loading default localization
20:06:33.971 [FXGL Background Thread 4 ] DEBUG FXGLAssetLoaderServi - Loading from file system: jar:file:/Users/penawjs/.gradle/caches/modules-2/files-2.1/com.github.almasb/fxgl/11.16/b133101fbcd16d99081b8b6aa095be0cd3166eec/fxgl-11.16.jar!/fxglassets/ui/fonts/VarelaRound-Regular.ttf
20:06:33.971 [FXGL Background Thread 1 ] DEBUG FXGLAssetLoaderServi - Loading from file system: jar:file:/Users/penawjs/.gradle/caches/modules-2/files-2.1/com.github.almasb/fxgl/11.16/b133101fbcd16d99081b8b6aa095be0cd3166eec/fxgl-11.16.jar!/fxglassets/languages/english.lang
20:06:33.984 [FXGL Background Thread 1 ] INFO  FXGLApplication      - FXGL initialization took: 0,600 sec
20:06:33.987 [FXGL Background Thread 4 ] DEBUG FXGLAssetLoaderServi - Loading from file system: jar:file:/Users/penawjs/.gradle/caches/modules-2/files-2.1/com.github.almasb/fxgl/11.16/b133101fbcd16d99081b8b6aa095be0cd3166eec/fxgl-11.16.jar!/fxglassets/ui/fonts/Abel-Regular.ttf
20:06:33.995 [JavaFX Application Thread] DEBUG Input                - Registered new binding: Move Left - Left
20:06:33.995 [JavaFX Application Thread] DEBUG Input                - Registered new binding: Move Right - Right
20:06:33.995 [JavaFX Application Thread] DEBUG FXGLAssetLoaderServi - Loading from file system: file:/Users/penawjs/Desktop/aprendendo-java/MyBreakoutApp/build/resources/main/assets/music/BGM.mp3
20:06:33.996 [FXGL Background Thread 4 ] DEBUG FXGLAssetLoaderServi - Loading from file system: jar:file:/Users/penawjs/.gradle/caches/modules-2/files-2.1/com.github.almasb/fxgl/11.16/b133101fbcd16d99081b8b6aa095be0cd3166eec/fxgl-11.16.jar!/fxglassets/ui/fonts/lucida_console.ttf
20:06:34.000 [FXGL Background Thread 4 ] DEBUG FXGLAssetLoaderServi - Loading from file system: jar:file:/Users/penawjs/.gradle/caches/modules-2/files-2.1/com.github.almasb/fxgl/11.16/b133101fbcd16d99081b8b6aa095be0cd3166eec/fxgl-11.16.jar!/fxglassets/ui/fonts/Courier-Prime.ttf
20:06:34.175 [JavaFX Application Thread] DEBUG AudioPlayer          - Playing music com.almasb.fxgl.audio.Music@164bd2a8
20:06:34.176 [JavaFX Application Thread] DEBUG FXGLAssetLoaderServi - Loading from file system: jar:file:/Users/penawjs/.gradle/caches/modules-2/files-2.1/com.github.almasb/fxgl/11.16/b133101fbcd16d99081b8b6aa095be0cd3166eec/fxgl-11.16.jar!/fxglassets/textures/fxgl_icon.png
20:06:34.210 [JavaFX Application Thread] DEBUG FXGLAssetLoaderServi - Loading from file system: jar:file:/Users/penawjs/.gradle/caches/modules-2/files-2.1/com.github.almasb/fxgl/11.16/b133101fbcd16d99081b8b6aa095be0cd3166eec/fxgl-11.16.jar!/fxglassets/textures/fxgl_default_cursor.png
20:06:34.211 [JavaFX Application Thread] DEBUG Input                - Registered new binding: Screenshot - CTRL+8
20:06:34.212 [JavaFX Application Thread] DEBUG Input                - Registered new binding: System info dump - CTRL+9
20:06:34.212 [JavaFX Application Thread] DEBUG Input                - Registered new binding: Restart - CTRL+R
20:06:34.212 [JavaFX Application Thread] DEBUG Input                - Registered new binding: Toggle Debug Camera - CTRL+C
20:06:34.214 [JavaFX Application Thread] DEBUG LoopRunner           - Starting loop
20:06:34.214 [JavaFX Application Thread] DEBUG LoopRunner           - Initializing JavaFX AnimationTimerLoop
20:06:34.215 [JavaFX Application Thread] DEBUG GameApplicationServi - Starting new game
20:06:34.216 [JavaFX Application Thread] DEBUG Input                - Clearing active input actions
20:06:34.224 [JavaFX Application Thread] DEBUG GameApplicationServi - Removing overlay from FXGLStartupScene and adding to FXGLLoadingScene
20:06:34.224 [JavaFX Application Thread] DEBUG PrimaryStageWindow   - FXGLStartupScene -> FXGLLoadingScene
20:06:34.225 [JavaFX Application Thread] DEBUG GameApplicationServi - Clearing previous game
20:06:34.225 [JavaFX Application Thread] DEBUG GameScene            - Clearing game scene
20:06:34.225 [JavaFX Application Thread] DEBUG GameWorld            - Clearing game world
20:06:34.225 [JavaFX Application Thread] DEBUG PhysicsWorld         - Clearing physics world
20:06:34.226 [FXGL Background Thread 4 ] DEBUG FXGLApplication      - Initializing game
20:06:34.261 [JavaFX Application Thread] DEBUG FXGLApplication      - Registering font factories with UI factory
20:06:34.287 [FXGL Background Thread 4 ] DEBUG TMXLevelLoader       - Parsed TiledMap: file:/Users/penawjs/Desktop/aprendendo-java/MyBreakoutApp/build/resources/main/assets/levels/tmx/level1.tmx
20:06:34.287 [FXGL Background Thread 4 ] DEBUG TMXLevelLoader       - Creating tile layer entities
20:06:34.288 [FXGL Background Thread 4 ] DEBUG TMXLevelLoader       - Creating object layer entities
20:06:34.312 [FXGL Background Thread 4 ] DEBUG GameWorld            - Clearing removable entities
20:06:34.313 [FXGL Background Thread 4 ] DEBUG GameWorld            - Setting level: com.almasb.fxgl.entity.level.Level@53bb187
20:06:34.317 [FXGL Background Thread 4 ] DEBUG FXGLAssetLoaderServi - Loading from file system: file:/Users/penawjs/Desktop/aprendendo-java/MyBreakoutApp/build/resources/main/assets/textures/ball.png
20:06:34.328 [FXGL Background Thread 4 ] DEBUG FXGLAssetLoaderServi - Loading from file system: file:/Users/penawjs/Desktop/aprendendo-java/MyBreakoutApp/build/resources/main/assets/textures/bat.png
20:06:34.336 [FXGL Background Thread 4 ] DEBUG FXGLAssetLoaderServi - Loading from file system: file:/Users/penawjs/Desktop/aprendendo-java/MyBreakoutApp/build/resources/main/assets/textures/bat_hit.png
20:06:34.343 [FXGL Background Thread 4 ] INFO  FXGLApplication      - Game initialization took: 0,117 sec
20:06:34.412 [JavaFX Application Thread] DEBUG Input                - Clearing active input actions
20:06:34.419 [JavaFX Application Thread] DEBUG GameApplicationServi - Removing overlay from FXGLLoadingScene and adding to GameScene
20:06:34.420 [JavaFX Application Thread] DEBUG PrimaryStageWindow   - FXGLLoadingScene -> GameScene
20:06:35.100 [JavaFX Application Thread] DEBUG FXGLAssetLoaderServi - Loading from file system: file:/Users/penawjs/Desktop/aprendendo-java/MyBreakoutApp/build/resources/main/assets/sounds/hit.wav
20:06:35.120 [JavaFX Application Thread] DEBUG FXGLAssetLoaderServi - Loading from file system: file:/Users/penawjs/Desktop/aprendendo-java/MyBreakoutApp/build/resources/main/assets/textures/brick_blue_cracked.png
20:06:35.122 [JavaFX Application Thread] DEBUG FXGLAssetLoaderServi - Loading from file system: file:/Users/penawjs/Desktop/aprendendo-java/MyBreakoutApp/build/resources/main/assets/textures/particles/smoke_06.png
20:06:36.133 [JavaFX Application Thread] DEBUG FXGLAssetLoaderServi - Loading from file system: file:/Users/penawjs/Desktop/aprendendo-java/MyBreakoutApp/build/resources/main/assets/sounds/hit_wall.wav
20:06:36.400 [JavaFX Application Thread] DEBUG FXGLAssetLoaderServi - Loading from file system: file:/Users/penawjs/Desktop/aprendendo-java/MyBreakoutApp/build/resources/main/assets/sounds/explosion.wav
20:06:36.973 [FXGL Background Thread 3 ] DEBUG Engine               - Logging environment variables
20:06:36.974 [FXGL Background Thread 3 ] DEBUG Engine               - achievements: []
20:06:36.974 [FXGL Background Thread 3 ] DEBUG Engine               - actualHeight: 704.0
20:06:36.974 [FXGL Background Thread 3 ] DEBUG Engine               - actualHeightProperty: ReadOnlyDoubleProperty [value: 704.0]
20:06:36.974 [FXGL Background Thread 3 ] DEBUG Engine               - actualWidth: 1344.0
20:06:36.974 [FXGL Background Thread 3 ] DEBUG Engine               - actualWidthProperty: ReadOnlyDoubleProperty [value: 1344.0]
20:06:36.974 [FXGL Background Thread 3 ] DEBUG Engine               - appIcon: fxgl_icon.png
20:06:36.974 [FXGL Background Thread 3 ] DEBUG Engine               - applicationMode: DEVELOPER
20:06:36.975 [FXGL Background Thread 3 ] DEBUG Engine               - cSSList: [fxgl_dark.css]
20:06:36.975 [FXGL Background Thread 3 ] DEBUG Engine               - collisionDetectionStrategy: BRUTE_FORCE
20:06:36.975 [FXGL Background Thread 3 ] DEBUG Engine               - configClass: Optional.empty
20:06:36.975 [FXGL Background Thread 3 ] DEBUG Engine               - credits: []
20:06:36.975 [FXGL Background Thread 3 ] DEBUG Engine               - defaultCursor: CursorInfo(imageName=fxgl_default_cursor.png, hotspotX=7.0, hotspotY=6.0)
20:06:36.975 [FXGL Background Thread 3 ] DEBUG Engine               - devBBoxColorProperty: ObjectProperty [value: 0xff0000ff]
20:06:36.975 [FXGL Background Thread 3 ] DEBUG Engine               - devEnableDebugCameraProperty: BooleanProperty [value: false]
20:06:36.975 [FXGL Background Thread 3 ] DEBUG Engine               - devSensorColorProperty: ObjectProperty [value: 0xffff00ff]
20:06:36.975 [FXGL Background Thread 3 ] DEBUG Engine               - devShowBBoxProperty: BooleanProperty [value: false]
20:06:36.975 [FXGL Background Thread 3 ] DEBUG Engine               - devShowPositionProperty: BooleanProperty [value: false]
20:06:36.976 [FXGL Background Thread 3 ] DEBUG Engine               - enabledMenuItems: []
20:06:36.976 [FXGL Background Thread 3 ] DEBUG Engine               - engineServices: [class com.almasb.fxgl.app.services.FXGLAssetLoaderService, class com.almasb.fxgl.app.FXGLApplication$GameApplicationService, class com.almasb.fxgl.app.services.FXGLDialogService, class com.almasb.fxgl.app.services.IOTaskExecutorService, class com.almasb.fxgl.io.FileSystemService, class com.almasb.fxgl.localization.LocalizationService, class com.almasb.fxgl.app.services.SystemBundleService, class com.almasb.fxgl.profile.SaveLoadService, class com.almasb.fxgl.ui.FXGLUIFactoryServiceProvider, class com.almasb.fxgl.ui.FXGLDialogFactoryServiceProvider, class com.almasb.fxgl.audio.AudioPlayer, class com.almasb.fxgl.notification.impl.NotificationServiceProvider, class com.almasb.fxgl.achievement.AchievementService, class com.almasb.fxgl.cutscene.CutsceneService, class com.almasb.fxgl.minigames.MiniGameService, class com.almasb.fxgl.net.NetService, class com.almasb.fxgl.app.services.UpdaterService, class com.almasb.fxgl.dev.DevService]
20:06:36.976 [FXGL Background Thread 3 ] DEBUG Engine               - fontGame: Abel-Regular.ttf
20:06:36.976 [FXGL Background Thread 3 ] DEBUG Engine               - fontMono: lucida_console.ttf
20:06:36.976 [FXGL Background Thread 3 ] DEBUG Engine               - fontText: Courier-Prime.ttf
20:06:36.976 [FXGL Background Thread 3 ] DEBUG Engine               - fontUI: VarelaRound-Regular.ttf
20:06:36.976 [FXGL Background Thread 3 ] DEBUG Engine               - fullScreen: BooleanProperty [value: false]
20:06:36.976 [FXGL Background Thread 3 ] DEBUG Engine               - gameDifficulty: MEDIUM
20:06:36.976 [FXGL Background Thread 3 ] DEBUG Engine               - gameDifficultyProperty: ObjectProperty [value: MEDIUM]
20:06:36.976 [FXGL Background Thread 3 ] DEBUG Engine               - globalMusicVolume: 0.5
20:06:36.976 [FXGL Background Thread 3 ] DEBUG Engine               - globalMusicVolumeProperty: DoubleProperty [value: 0.5]
20:06:36.977 [FXGL Background Thread 3 ] DEBUG Engine               - globalSoundVolume: 0.5
20:06:36.977 [FXGL Background Thread 3 ] DEBUG Engine               - globalSoundVolumeProperty: DoubleProperty [value: 0.5]
20:06:36.977 [FXGL Background Thread 3 ] DEBUG Engine               - height: 704
20:06:36.977 [FXGL Background Thread 3 ] DEBUG Engine               - is3D: false
20:06:36.977 [FXGL Background Thread 3 ] DEBUG Engine               - isAndroid: false
20:06:36.977 [FXGL Background Thread 3 ] DEBUG Engine               - isBrowser: false
20:06:36.977 [FXGL Background Thread 3 ] DEBUG Engine               - isClickFeedbackEnabled: false
20:06:36.977 [FXGL Background Thread 3 ] DEBUG Engine               - isCloseConfirmation: false
20:06:36.977 [FXGL Background Thread 3 ] DEBUG Engine               - isDesktop: true
20:06:36.977 [FXGL Background Thread 3 ] DEBUG Engine               - isDeveloperMenuEnabled: false
20:06:36.977 [FXGL Background Thread 3 ] DEBUG Engine               - isEntityPreloadEnabled: true
20:06:36.977 [FXGL Background Thread 3 ] DEBUG Engine               - isExperimentalTiledLargeMap: false
20:06:36.977 [FXGL Background Thread 3 ] DEBUG Engine               - isFileSystemWriteAllowed: true
20:06:36.977 [FXGL Background Thread 3 ] DEBUG Engine               - isFullScreenAllowed: false
20:06:36.978 [FXGL Background Thread 3 ] DEBUG Engine               - isFullScreenFromStart: false
20:06:36.978 [FXGL Background Thread 3 ] DEBUG Engine               - isGameMenuEnabled: true
20:06:36.978 [FXGL Background Thread 3 ] DEBUG Engine               - isIOS: false
20:06:36.978 [FXGL Background Thread 3 ] DEBUG Engine               - isIntroEnabled: false
20:06:36.978 [FXGL Background Thread 3 ] DEBUG Engine               - isLinux: false
20:06:36.978 [FXGL Background Thread 3 ] DEBUG Engine               - isMac: true
20:06:36.978 [FXGL Background Thread 3 ] DEBUG Engine               - isMainMenuEnabled: false
20:06:36.978 [FXGL Background Thread 3 ] DEBUG Engine               - isManualResizeEnabled: false
20:06:36.978 [FXGL Background Thread 3 ] DEBUG Engine               - isMobile: false
20:06:36.978 [FXGL Background Thread 3 ] DEBUG Engine               - isNative: false
20:06:36.978 [FXGL Background Thread 3 ] DEBUG Engine               - isPreserveResizeRatio: false
20:06:36.978 [FXGL Background Thread 3 ] DEBUG Engine               - isProfilingEnabled: false
20:06:36.978 [FXGL Background Thread 3 ] DEBUG Engine               - isScaleAffectedOnResize: true
20:06:36.978 [FXGL Background Thread 3 ] DEBUG Engine               - isSingleStep: false
20:06:36.978 [FXGL Background Thread 3 ] DEBUG Engine               - isUserProfileEnabled: false
20:06:36.978 [FXGL Background Thread 3 ] DEBUG Engine               - isWindows: false
20:06:36.978 [FXGL Background Thread 3 ] DEBUG Engine               - language: ObjectProperty [value: ENGLISH]
20:06:36.978 [FXGL Background Thread 3 ] DEBUG Engine               - menuKey: ESCAPE
20:06:36.978 [FXGL Background Thread 3 ] DEBUG Engine               - mouseSensitivity: 0.2
20:06:36.979 [FXGL Background Thread 3 ] DEBUG Engine               - notificationViewClass: class com.almasb.fxgl.notification.view.XboxNotificationView
20:06:36.979 [FXGL Background Thread 3 ] DEBUG Engine               - pixelsPerMeter: 50.0
20:06:36.979 [FXGL Background Thread 3 ] DEBUG Engine               - platform: MAC
20:06:36.979 [FXGL Background Thread 3 ] DEBUG Engine               - prefHeightProperty: ReadOnlyDoubleProperty [value: 704.0]
20:06:36.979 [FXGL Background Thread 3 ] DEBUG Engine               - prefWidthProperty: ReadOnlyDoubleProperty [value: 1344.0]
20:06:36.979 [FXGL Background Thread 3 ] DEBUG Engine               - profileDir: profiles/
20:06:36.979 [FXGL Background Thread 3 ] DEBUG Engine               - profileName: StringProperty [value: DEFAULT]
20:06:36.979 [FXGL Background Thread 3 ] DEBUG Engine               - randomSeed: -1
20:06:36.979 [FXGL Background Thread 3 ] DEBUG Engine               - runtimeInfo: RuntimeInfo(platform=MAC, version=11.16, build=25.05.2021 08.16)
20:06:36.979 [FXGL Background Thread 3 ] DEBUG Engine               - saveFileExt: sav
20:06:36.979 [FXGL Background Thread 3 ] DEBUG Engine               - scaledHeightProp$fxgl: DoubleProperty [bound, value: 704.0]
20:06:36.979 [FXGL Background Thread 3 ] DEBUG Engine               - scaledWidthProp$fxgl: DoubleProperty [bound, value: 1344.0]
20:06:36.979 [FXGL Background Thread 3 ] DEBUG Engine               - sceneFactory: com.almasb.fxgl.app.scene.SceneFactory@2cfaaaed
20:06:36.979 [FXGL Background Thread 3 ] DEBUG Engine               - secondsIn24h: 60
20:06:36.979 [FXGL Background Thread 3 ] DEBUG Engine               - soundMenuBack: menu/back.wav
20:06:36.979 [FXGL Background Thread 3 ] DEBUG Engine               - soundMenuPress: menu/press.wav
20:06:36.979 [FXGL Background Thread 3 ] DEBUG Engine               - soundMenuSelect: menu/select.wav
20:06:36.980 [FXGL Background Thread 3 ] DEBUG Engine               - soundNotification: core/notification.wav
20:06:36.980 [FXGL Background Thread 3 ] DEBUG Engine               - stageStyle: DECORATED
20:06:36.980 [FXGL Background Thread 3 ] DEBUG Engine               - supportedLanguages: [ENGLISH, FRENCH, GERMAN, HUNGARIAN, RUSSIAN]
20:06:36.980 [FXGL Background Thread 3 ] DEBUG Engine               - ticksPerSecond: -1
20:06:36.980 [FXGL Background Thread 3 ] DEBUG Engine               - title: My Breakout App
20:06:36.980 [FXGL Background Thread 3 ] DEBUG Engine               - urlGithub: https://github.com/AlmasB/FXGL
20:06:36.980 [FXGL Background Thread 3 ] DEBUG Engine               - urlLeaderboard: http://fxgl-top.herokuapp.com/
20:06:36.980 [FXGL Background Thread 3 ] DEBUG Engine               - urlPOM: https://raw.githubusercontent.com/AlmasB/FXGL/release/README.md
20:06:36.980 [FXGL Background Thread 3 ] DEBUG Engine               - userAppClass: class br.senai.sp.informatica.BreakoutApp
20:06:36.980 [FXGL Background Thread 3 ] DEBUG Engine               - version: 1.0
20:06:36.980 [FXGL Background Thread 3 ] DEBUG Engine               - versionCheckDays: 7
20:06:36.980 [FXGL Background Thread 3 ] DEBUG Engine               - width: 1344
20:06:36.980 [FXGL Background Thread 3 ] DEBUG Engine               - Logging services
20:06:36.980 [FXGL Background Thread 3 ] DEBUG Engine               - class com.almasb.fxgl.app.services.FXGLAssetLoaderService
20:06:36.980 [FXGL Background Thread 3 ] DEBUG Engine               - class com.almasb.fxgl.app.FXGLApplication$GameApplicationService
20:06:36.980 [FXGL Background Thread 3 ] DEBUG Engine               - class com.almasb.fxgl.app.services.FXGLDialogService
20:06:36.980 [FXGL Background Thread 3 ] DEBUG Engine               - class com.almasb.fxgl.app.services.IOTaskExecutorService
20:06:36.980 [FXGL Background Thread 3 ] DEBUG Engine               - class com.almasb.fxgl.io.FileSystemService
20:06:36.980 [FXGL Background Thread 3 ] DEBUG Engine               - class com.almasb.fxgl.localization.LocalizationService
20:06:36.980 [FXGL Background Thread 3 ] DEBUG Engine               - class com.almasb.fxgl.app.services.SystemBundleService
20:06:36.980 [FXGL Background Thread 3 ] DEBUG Engine               - class com.almasb.fxgl.profile.SaveLoadService
20:06:36.981 [FXGL Background Thread 3 ] DEBUG Engine               - class com.almasb.fxgl.ui.FXGLUIFactoryServiceProvider
20:06:36.981 [FXGL Background Thread 3 ] DEBUG Engine               - class com.almasb.fxgl.ui.FXGLDialogFactoryServiceProvider
20:06:36.981 [FXGL Background Thread 3 ] DEBUG Engine               - class com.almasb.fxgl.audio.AudioPlayer
20:06:36.981 [FXGL Background Thread 3 ] DEBUG Engine               - class com.almasb.fxgl.notification.impl.NotificationServiceProvider
20:06:36.981 [FXGL Background Thread 3 ] DEBUG Engine               - class com.almasb.fxgl.achievement.AchievementService
20:06:36.981 [FXGL Background Thread 3 ] DEBUG Engine               - class com.almasb.fxgl.cutscene.CutsceneService
20:06:36.981 [FXGL Background Thread 3 ] DEBUG Engine               - class com.almasb.fxgl.minigames.MiniGameService
20:06:36.981 [FXGL Background Thread 3 ] DEBUG Engine               - class com.almasb.fxgl.net.NetService
20:06:36.981 [FXGL Background Thread 3 ] DEBUG Engine               - class com.almasb.fxgl.app.services.UpdaterService
20:06:36.981 [FXGL Background Thread 3 ] DEBUG Engine               - class com.almasb.fxgl.dev.DevService
20:06:57.416 [JavaFX Application Thread] DEBUG FXGLAssetLoaderServi - Loading from file system: file:/Users/penawjs/Desktop/aprendendo-java/MyBreakoutApp/build/resources/main/assets/sounds/hit_bat.wav
20:07:05.403 [JavaFX Application Thread] DEBUG FXGLApplication      - Exiting FXGL
20:07:05.403 [JavaFX Application Thread] DEBUG LoopRunner           - Stopping loop
20:07:05.403 [JavaFX Application Thread] DEBUG SystemBundleService  - Saving FXGL system data
20:07:05.405 [JavaFX Application Thread] DEBUG FileSystemAccess     - Writing to: /Users/penawjs/Desktop/aprendendo-java/MyBreakoutApp/system/fxgl.bundle
20:07:05.406 [JavaFX Application Thread] DEBUG Async                - Shutting down background threads
20:07:05.406 [JavaFX Application Thread] DEBUG PrimaryStageWindow   - Closing main window
20:07:05.417 [JavaFX Application Thread] DEBUG Logger               - Closing Logger
